2022-10-12T00:56:03Z <INFO:emu.grasscutter.Grasscutter> config.json could not be found. Generating a default configuration ...
2022-10-12T00:56:03Z <INFO:emu.grasscutter.data.DataLoader> Creating default '.\data\gacha\mappings.js' data
2022-10-12T00:56:05Z <INFO:emu.grasscutter.utils.Language> Generating TextMaps cache
2022-10-12T00:56:05Z <INFO:emu.grasscutter.data.ResourceLoader> Loading resources...
2022-10-12T00:56:08Z <INFO:emu.grasscutter.data.ResourceLoader> Finished loading resources.
2022-10-12T00:56:11Z <INFO:emu.grasscutter.tools.Tools> Mappings generated to .\data\gacha\mappings.js
2022-10-12T00:56:12Z <INFO:emu.grasscutter.tools.Tools> GM Handbooks generated!
2022-10-12T00:56:12Z <INFO:emu.grasscutter.Grasscutter> Starting Grasscutter...
2022-10-12T00:56:12Z <INFO:emu.grasscutter.Grasscutter> Game version: 3.1.0
2022-10-12T00:56:12Z <INFO:emu.grasscutter.Grasscutter> Grasscutter version: 1.3.2-dev-4da4c03e
2022-10-12T00:56:15Z <INFO:emu.grasscutter.server.http.HttpServer> [Dispatch] Dispatch server started at [1m[33m127.0.0.1:443[0m
2022-10-12T00:56:15Z <INFO:emu.grasscutter.server.game.GameServer> Grasscutter is FREE software. If you have paid for this, you may have been scammed. Homepage: https://github.com/Grasscutters/Grasscutter
2022-10-12T00:56:15Z <INFO:emu.grasscutter.server.game.GameServer> Game Server started at [1m[33m127.0.0.1:22102[0m
2022-10-12T00:56:15Z <INFO:emu.grasscutter.Grasscutter> Done! For help, type "help"
2022-10-12T00:58:46Z <INFO:emu.grasscutter.server.http.dispatch.RegionHandler> [Dispatch] Client [0:0:0:0:0:0:0:1] request: query_region_list
2022-10-12T00:58:47Z <INFO:emu.grasscutter.auth.DefaultAuthenticators$TokenAuthenticator> [Dispatch] Client [0:0:0:0:0:0:0:1] is trying to log in via token.
2022-10-12T00:58:47Z <INFO:emu.grasscutter.auth.DefaultAuthenticators$TokenAuthenticator> [Dispatch] Client [0:0:0:0:0:0:0:1] logged in via token as 10002.
2022-10-12T00:58:47Z <INFO:emu.grasscutter.server.http.dispatch.DispatchHandler> [Dispatch] Client [0:0:0:0:0:0:0:1] is trying to log in.
2022-10-12T00:58:47Z <INFO:emu.grasscutter.auth.DefaultAuthenticators$SessionKeyAuthenticator> [Dispatch] Client [0:0:0:0:0:0:0:1] succeed to exchange combo token.
2022-10-12T00:58:47Z <INFO:emu.grasscutter.server.http.dispatch.DispatchHandler> [Dispatch] Client [0:0:0:0:0:0:0:1] is trying to log in.
2022-10-12T00:58:47Z <INFO:emu.grasscutter.server.http.dispatch.RegionHandler> Client 127.0.0.1 request: query_cur_region/os_usa
2022-10-12T00:59:00Z <INFO:emu.grasscutter.server.game.GameSession> Client connected from /127.0.0.1:55038
2022-10-12T00:59:05Z <INFO:emu.grasscutter.game.activity.ActivityManager> Enable 1 activities.
2022-10-12T01:01:20Z <WARN:emu.grasscutter.utils.Language> Failed to load language file: en-SG.json, falling back to: en-US.json
2022-10-12T01:06:24Z <WARN:emu.grasscutter.game.managers.energy.EnergyManager> No particle generation data for avatarId 10000071 found.
2022-10-12T01:06:25Z <WARN:emu.grasscutter.game.managers.energy.EnergyManager> No particle generation data for avatarId 10000073 found.
2022-10-12T01:06:47Z <WARN:emu.grasscutter.game.managers.energy.EnergyManager> No particle generation data for avatarId 10000071 found.
2022-10-12T01:06:56Z <WARN:emu.grasscutter.game.managers.energy.EnergyManager> No particle generation data for avatarId 10000071 found.
2022-10-12T01:07:01Z <WARN:emu.grasscutter.game.managers.energy.EnergyManager> No particle generation data for avatarId 10000073 found.
2022-10-12T01:07:04Z <WARN:emu.grasscutter.game.managers.energy.EnergyManager> No particle generation data for avatarId 10000071 found.
2022-10-12T01:07:04Z <WARN:emu.grasscutter.game.managers.energy.EnergyManager> No particle generation data for avatarId 10000071 found.
2022-10-12T01:07:08Z <WARN:emu.grasscutter.game.managers.energy.EnergyManager> No particle generation data for avatarId 10000073 found.
2022-10-12T01:07:09Z <WARN:emu.grasscutter.game.managers.energy.EnergyManager> No particle generation data for avatarId 10000071 found.
2022-10-12T01:07:17Z <WARN:emu.grasscutter.game.managers.energy.EnergyManager> No particle generation data for avatarId 10000071 found.
2022-10-12T01:07:31Z <WARN:emu.grasscutter.game.managers.energy.EnergyManager> No particle generation data for avatarId 10000073 found.
2022-10-12T01:07:32Z <WARN:emu.grasscutter.game.managers.energy.EnergyManager> No particle generation data for avatarId 10000071 found.
2022-10-12T01:07:32Z <WARN:emu.grasscutter.game.managers.energy.EnergyManager> No particle generation data for avatarId 10000071 found.
2022-10-12T01:07:57Z <WARN:emu.grasscutter.game.managers.energy.EnergyManager> No particle generation data for avatarId 10000071 found.
2022-10-12T01:07:57Z <WARN:emu.grasscutter.game.managers.energy.EnergyManager> No particle generation data for avatarId 10000071 found.
2022-10-12T01:08:08Z <WARN:emu.grasscutter.game.managers.energy.EnergyManager> No particle generation data for avatarId 10000071 found.
2022-10-12T01:09:02Z <WARN:emu.grasscutter.game.managers.energy.EnergyManager> No particle generation data for avatarId 10000071 found.
2022-10-12T01:09:09Z <WARN:emu.grasscutter.game.managers.energy.EnergyManager> No particle generation data for avatarId 10000071 found.
2022-10-12T01:09:09Z <WARN:emu.grasscutter.game.managers.energy.EnergyManager> No particle generation data for avatarId 10000071 found.
2022-10-12T01:09:15Z <WARN:emu.grasscutter.game.managers.energy.EnergyManager> No particle generation data for avatarId 10000071 found.
2022-10-12T01:09:23Z <WARN:emu.grasscutter.game.managers.energy.EnergyManager> No particle generation data for avatarId 10000071 found.
2022-10-12T01:15:22Z <WARN:emu.grasscutter.game.managers.energy.EnergyManager> No particle generation data for avatarId 10000071 found.
2022-10-12T01:15:25Z <WARN:emu.grasscutter.game.managers.energy.EnergyManager> No particle generation data for avatarId 10000073 found.
2022-10-12T01:15:30Z <WARN:emu.grasscutter.game.managers.energy.EnergyManager> No particle generation data for avatarId 10000071 found.
2022-10-12T01:15:30Z <WARN:emu.grasscutter.game.managers.energy.EnergyManager> No particle generation data for avatarId 10000071 found.
2022-10-12T01:15:33Z <WARN:emu.grasscutter.game.managers.energy.EnergyManager> No particle generation data for avatarId 10000073 found.
2022-10-12T01:15:35Z <WARN:emu.grasscutter.game.managers.energy.EnergyManager> No particle generation data for avatarId 10000071 found.
2022-10-12T01:15:40Z <WARN:emu.grasscutter.game.managers.energy.EnergyManager> No particle generation data for avatarId 10000071 found.
2022-10-12T01:15:44Z <WARN:emu.grasscutter.game.managers.energy.EnergyManager> No particle generation data for avatarId 10000073 found.
2022-10-12T01:15:46Z <WARN:emu.grasscutter.game.managers.energy.EnergyManager> No particle generation data for avatarId 10000071 found.
2022-10-12T01:16:23Z <WARN:emu.grasscutter.game.managers.energy.EnergyManager> No particle generation data for avatarId 10000071 found.
2022-10-12T01:16:35Z <WARN:emu.grasscutter.game.managers.energy.EnergyManager> No particle generation data for avatarId 10000071 found.
2022-10-12T01:17:30Z <WARN:emu.grasscutter.game.managers.energy.EnergyManager> No particle generation data for avatarId 10000071 found.
2022-10-12T01:17:33Z <WARN:emu.grasscutter.game.managers.energy.EnergyManager> No particle generation data for avatarId 10000073 found.
2022-10-12T01:17:41Z <WARN:emu.grasscutter.game.managers.energy.EnergyManager> No particle generation data for avatarId 10000073 found.
2022-10-12T01:17:44Z <WARN:emu.grasscutter.game.managers.energy.EnergyManager> No particle generation data for avatarId 10000071 found.
2022-10-12T01:17:48Z <WARN:emu.grasscutter.game.managers.energy.EnergyManager> No particle generation data for avatarId 10000071 found.
2022-10-12T01:17:48Z <WARN:emu.grasscutter.game.managers.energy.EnergyManager> No particle generation data for avatarId 10000071 found.
2022-10-12T01:17:51Z <WARN:emu.grasscutter.game.managers.energy.EnergyManager> No particle generation data for avatarId 10000073 found.
2022-10-12T01:17:53Z <WARN:emu.grasscutter.game.managers.energy.EnergyManager> No particle generation data for avatarId 10000071 found.
2022-10-12T01:17:57Z <WARN:emu.grasscutter.game.managers.energy.EnergyManager> No particle generation data for avatarId 10000071 found.
2022-10-12T01:17:57Z <WARN:emu.grasscutter.game.managers.energy.EnergyManager> No particle generation data for avatarId 10000071 found.
